<?xml version="1.0" encoding="UTF-8"?>
<!-- Generated by org.testng.reporters.JUnitXMLReporter -->
<testsuite ignored="2" hostname="Diegos-MacBook-Pro.local" failures="0" tests="5" name="Test" time="0.036" errors="0" timestamp="2020-10-19T09:13:33 BRT">
  <testcase classname="base.TestBase" name="@BeforeSuite setUp" time="0.071">
    <failure type="java.lang.IllegalStateException" message="The driver is not executable: /Users/DieroKreator/code/eclipse-workspace/meta_automationTest/src/test/resources/executables/chromedriver">
      <![CDATA[java.lang.IllegalStateException: The driver is not executable: /Users/DieroKreator/code/eclipse-workspace/meta_automationTest/src/test/resources/executables/chromedriver
at com.google.common.base.Preconditions.checkState(Preconditions.java:585)
at org.openqa.selenium.remote.service.DriverService.checkExecutable(DriverService.java:150)
at org.openqa.selenium.remote.service.DriverService.findExecutable(DriverService.java:141)
at org.openqa.selenium.chrome.ChromeDriverService.access$000(ChromeDriverService.java:35)
at org.openqa.selenium.chrome.ChromeDriverService$Builder.findDefaultExecutable(ChromeDriverService.java:159)
at org.openqa.selenium.remote.service.DriverService$Builder.build(DriverService.java:355)
at org.openqa.selenium.chrome.ChromeDriverService.createDefaultService(ChromeDriverService.java:94)
at org.openqa.selenium.chrome.ChromeDriver.<init>(ChromeDriver.java:123)
at base.TestBase.setUp(TestBase.java:69)
... Removed 19 stack frames]]>
    </failure>
  </testcase> <!-- @BeforeSuite setUp -->
  <testcase classname="testcases.APITests" name="getAllCities" time="0.0">
    <skipped/>
  </testcase> <!-- getAllCities -->
  <testcase classname="testcases.APITests" name="addNewPost" time="0.0">
    <skipped/>
  </testcase> <!-- addNewPost -->
  <testcase classname="testcases.APITests" name="getPost" time="0.0">
    <skipped/>
  </testcase> <!-- getPost -->
  <testcase classname="testcases.APITests" name="updatePost" time="0.0">
    <skipped/>
  </testcase> <!-- updatePost -->
  <testcase classname="testcases.APITests" name="deletePost" time="0.0">
    <skipped/>
  </testcase> <!-- deletePost -->
  <testcase classname="base.TestBase" name="@BeforeSuite setUp" time="0.0">
    <ignored/>
  </testcase> <!-- @BeforeSuite setUp -->
  <testcase classname="base.TestBase" name="@AfterSuite tearDown" time="0.0">
    <ignored/>
  </testcase> <!-- @AfterSuite tearDown -->
</testsuite> <!-- Test -->
